# JRE version: Java(TM) SE Runtime Environment (8.0_181-b13) (build 1.8.0_181-b13)
# Java VM: Java HotSpot(TM) 64-Bit Server VM (25.181-b13 mixed mode windows-amd64 compressed oops)
Heap:
 PSYoungGen      total 204800K, used 8050K [0x00000000eab00000, 0x00000000fdc80000, 0x0000000100000000)
  eden space 174592K, 4% used [0x00000000eab00000,0x00000000eb2dc850,0x00000000f5580000)
  from space 30208K, 0% used [0x00000000f5580000,0x00000000f5580000,0x00000000f7300000)
  to   space 31744K, 0% used [0x00000000fbd80000,0x00000000fbd80000,0x00000000fdc80000)
 ParOldGen       total 256000K, used 49383K [0x00000000c0000000, 0x00000000cfa00000, 0x00000000eab00000)
  object space 256000K, 19% used [0x00000000c0000000,0x00000000c3039ea8,0x00000000cfa00000)
 Metaspace       used 56697K, capacity 59116K, committed 59416K, reserved 1099776K
  class space    used 7912K, capacity 8533K, committed 8624K, reserved 1048576K
GC Heap History (10 events):
Event: 6.220 GC heap before
{Heap before GC invocations=8 (full 2):
 PSYoungGen      total 137216K, used 126464K [0x00000000eab00000, 0x00000000f4b00000, 0x0000000100000000)
  eden space 126464K, 100% used [0x00000000eab00000,0x00000000f2680000,0x00000000f2680000)
  from space 10752K, 0% used [0x00000000f2680000,0x00000000f2680000,0x00000000f3100000)
  to   space 13824K, 0% used [0x00000000f3d80000,0x00000000f3d80000,0x00000000f4b00000)
 ParOldGen       total 183296K, used 19925K [0x00000000c0000000, 0x00000000cb300000, 0x00000000eab00000)
  object space 183296K, 10% used [0x00000000c0000000,0x00000000c13756d8,0x00000000cb300000)
 Metaspace       used 40395K, capacity 41134K, committed 41256K, reserved 1085440K
  class space    used 5636K, capacity 5890K, committed 5936K, reserved 1048576K
Event: 6.235 GC heap after
Heap after GC invocations=8 (full 2):
 PSYoungGen      total 147968K, used 13784K [0x00000000eab00000, 0x00000000f7400000, 0x0000000100000000)
  eden space 134144K, 0% used [0x00000000eab00000,0x00000000eab00000,0x00000000f2e00000)
  from space 13824K, 99% used [0x00000000f3d80000,0x00000000f4af6148,0x00000000f4b00000)
  to   space 15872K, 0% used [0x00000000f2e00000,0x00000000f2e00000,0x00000000f3d80000)
 ParOldGen       total 183296K, used 19933K [0x00000000c0000000, 0x00000000cb300000, 0x00000000eab00000)
  object space 183296K, 10% used [0x00000000c0000000,0x00000000c13776d8,0x00000000cb300000)
 Metaspace       used 40395K, capacity 41134K, committed 41256K, reserved 1085440K
  class space    used 5636K, capacity 5890K, committed 5936K, reserved 1048576K
}
Event: 8.318 GC heap before
{Heap before GC invocations=9 (full 2):
 PSYoungGen      total 147968K, used 147928K [0x00000000eab00000, 0x00000000f7400000, 0x0000000100000000)
  eden space 134144K, 100% used [0x00000000eab00000,0x00000000f2e00000,0x00000000f2e00000)
  from space 13824K, 99% used [0x00000000f3d80000,0x00000000f4af6148,0x00000000f4b00000)
  to   space 15872K, 0% used [0x00000000f2e00000,0x00000000f2e00000,0x00000000f3d80000)
 ParOldGen       total 183296K, used 19933K [0x00000000c0000000, 0x00000000cb300000, 0x00000000eab00000)
  object space 183296K, 10% used [0x00000000c0000000,0x00000000c13776d8,0x00000000cb300000)
 Metaspace       used 51704K, capacity 53234K, committed 53288K, reserved 1095680K
  class space    used 7287K, capacity 7702K, committed 7728K, reserved 1048576K
Event: 8.335 GC heap after
Heap after GC invocations=9 (full 2):
 PSYoungGen      total 150016K, used 15846K [0x00000000eab00000, 0x00000000f8880000, 0x0000000100000000)
  eden space 134144K, 0% used [0x00000000eab00000,0x00000000eab00000,0x00000000f2e00000)
  from space 15872K, 99% used [0x00000000f2e00000,0x00000000f3d799e0,0x00000000f3d80000)
  to   space 22016K, 0% used [0x00000000f7300000,0x00000000f7300000,0x00000000f8880000)
 ParOldGen       total 183296K, used 28463K [0x00000000c0000000, 0x00000000cb300000, 0x00000000eab00000)
  object space 183296K, 15% used [0x00000000c0000000,0x00000000c1bcbc30,0x00000000cb300000)
 Metaspace       used 51704K, capacity 53234K, committed 53288K, reserved 1095680K
  class space    used 7287K, capacity 7702K, committed 7728K, reserved 1048576K
}
Event: 10.485 GC heap before
{Heap before GC invocations=10 (full 2):
 PSYoungGen      total 150016K, used 149990K [0x00000000eab00000, 0x00000000f8880000, 0x0000000100000000)
  eden space 134144K, 100% used [0x00000000eab00000,0x00000000f2e00000,0x00000000f2e00000)
  from space 15872K, 99% used [0x00000000f2e00000,0x00000000f3d799e0,0x00000000f3d80000)
  to   space 22016K, 0% used [0x00000000f7300000,0x00000000f7300000,0x00000000f8880000)
 ParOldGen       total 183296K, used 28463K [0x00000000c0000000, 0x00000000cb300000, 0x00000000eab00000)
  object space 183296K, 15% used [0x00000000c0000000,0x00000000c1bcbc30,0x00000000cb300000)
 Metaspace       used 56463K, capacity 58772K, committed 59048K, reserved 1099776K
  class space    used 7892K, capacity 8529K, committed 8624K, reserved 1048576K
Event: 10.507 GC heap after
Heap after GC invocations=10 (full 2):
 PSYoungGen      total 196608K, used 21990K [0x00000000eab00000, 0x00000000f9880000, 0x0000000100000000)
  eden space 174592K, 0% used [0x00000000eab00000,0x00000000eab00000,0x00000000f5580000)
  from space 22016K, 99% used [0x00000000f7300000,0x00000000f8879a00,0x00000000f8880000)
  to   space 30208K, 0% used [0x00000000f5580000,0x00000000f5580000,0x00000000f7300000)
 ParOldGen       total 183296K, used 39973K [0x00000000c0000000, 0x00000000cb300000, 0x00000000eab00000)
  object space 183296K, 21% used [0x00000000c0000000,0x00000000c27094d0,0x00000000cb300000)
 Metaspace       used 56463K, capacity 58772K, committed 59048K, reserved 1099776K
  class space    used 7892K, capacity 8529K, committed 8624K, reserved 1048576K
}
Event: 10.641 GC heap before
{Heap before GC invocations=11 (full 2):
 PSYoungGen      total 196608K, used 40826K [0x00000000eab00000, 0x00000000f9880000, 0x0000000100000000)
  eden space 174592K, 10% used [0x00000000eab00000,0x00000000ebd65100,0x00000000f5580000)
  from space 22016K, 99% used [0x00000000f7300000,0x00000000f8879a00,0x00000000f8880000)
  to   space 30208K, 0% used [0x00000000f5580000,0x00000000f5580000,0x00000000f7300000)
 ParOldGen       total 183296K, used 39973K [0x00000000c0000000, 0x00000000cb300000, 0x00000000eab00000)
  object space 183296K, 21% used [0x00000000c0000000,0x00000000c27094d0,0x00000000cb300000)
 Metaspace       used 56664K, capacity 59052K, committed 59160K, reserved 1099776K
  class space    used 7912K, capacity 8533K, committed 8624K, reserved 1048576K
Event: 10.664 GC heap after
Heap after GC invocations=11 (full 2):
 PSYoungGen      total 204800K, used 22678K [0x00000000eab00000, 0x00000000fdc80000, 0x0000000100000000)
  eden space 174592K, 0% used [0x00000000eab00000,0x00000000eab00000,0x00000000f5580000)
  from space 30208K, 75% used [0x00000000f5580000,0x00000000f6ba5a10,0x00000000f7300000)
  to   space 31744K, 0% used [0x00000000fbd80000,0x00000000fbd80000,0x00000000fdc80000)
 ParOldGen       total 183296K, used 39981K [0x00000000c0000000, 0x00000000cb300000, 0x00000000eab00000)
  object space 183296K, 21% used [0x00000000c0000000,0x00000000c270b4d0,0x00000000cb300000)
 Metaspace       used 56664K, capacity 59052K, committed 59160K, reserved 1099776K
  class space    used 7912K, capacity 8533K, committed 8624K, reserved 1048576K
}
Event: 10.664 GC heap before
{Heap before GC invocations=12 (full 3):
 PSYoungGen      total 204800K, used 22678K [0x00000000eab00000, 0x00000000fdc80000, 0x0000000100000000)
  eden space 174592K, 0% used [0x00000000eab00000,0x00000000eab00000,0x00000000f5580000)
  from space 30208K, 75% used [0x00000000f5580000,0x00000000f6ba5a10,0x00000000f7300000)
  to   space 31744K, 0% used [0x00000000fbd80000,0x00000000fbd80000,0x00000000fdc80000)
 ParOldGen       total 183296K, used 39981K [0x00000000c0000000, 0x00000000cb300000, 0x00000000eab00000)
  object space 183296K, 21% used [0x00000000c0000000,0x00000000c270b4d0,0x00000000cb300000)
 Metaspace       used 56664K, capacity 59052K, committed 59160K, reserved 1099776K
  class space    used 7912K, capacity 8533K, committed 8624K, reserved 1048576K
Event: 10.908 GC heap after
Heap after GC invocations=12 (full 3):
 PSYoungGen      total 204800K, used 0K [0x00000000eab00000, 0x00000000fdc80000, 0x0000000100000000)
  eden space 174592K, 0% used [0x00000000eab00000,0x00000000eab00000,0x00000000f5580000)
  from space 30208K, 0% used [0x00000000f5580000,0x00000000f5580000,0x00000000f7300000)
  to   space 31744K, 0% used [0x00000000fbd80000,0x00000000fbd80000,0x00000000fdc80000)
 ParOldGen       total 256000K, used 49383K [0x00000000c0000000, 0x00000000cfa00000, 0x00000000eab00000)
  object space 256000K, 19% used [0x00000000c0000000,0x00000000c3039ea8,0x00000000cfa00000)
 Metaspace       used 56664K, capacity 59052K, committed 59160K, reserved 1099776K
  class space    used 7912K, capacity 8533K, committed 8624K, reserved 1048576K
}

