# JRE version: Java(TM) SE Runtime Environment (8.0_181-b13) (build 1.8.0_181-b13)
# Java VM: Java HotSpot(TM) 64-Bit Server VM (25.181-b13 mixed mode windows-amd64 compressed oops)
Heap:
 PSYoungGen      total 104448K, used 102705K [0x000000076b780000, 0x0000000773100000, 0x00000007c0000000)
  eden space 90112K, 98% used [0x000000076b780000,0x0000000770dcd8f8,0x0000000770f80000)
  from space 14336K, 99% used [0x0000000772000000,0x0000000772dfec60,0x0000000772e00000)
  to   space 16896K, 0% used [0x0000000770f80000,0x0000000770f80000,0x0000000772000000)
 ParOldGen       total 125440K, used 18387K [0x00000006c2600000, 0x00000006ca080000, 0x000000076b780000)
  object space 125440K, 14% used [0x00000006c2600000,0x00000006c37f4f88,0x00000006ca080000)
 Metaspace       used 52564K, capacity 53828K, committed 54104K, reserved 1095680K
  class space    used 7136K, capacity 7477K, committed 7512K, reserved 1048576K
GC Heap History (10 events):
Event: 18.510 GC heap before
{Heap before GC invocations=6 (full 1):
 PSYoungGen      total 75776K, used 62063K [0x000000076b780000, 0x0000000770c00000, 0x00000007c0000000)
  eden space 65024K, 84% used [0x000000076b780000,0x000000076ecfc1a0,0x000000076f700000)
  from space 10752K, 67% used [0x0000000770180000,0x000000077089fcc8,0x0000000770c00000)
  to   space 10752K, 0% used [0x000000076f700000,0x000000076f700000,0x0000000770180000)
 ParOldGen       total 83968K, used 14028K [0x00000006c2600000, 0x00000006c7800000, 0x000000076b780000)
  object space 83968K, 16% used [0x00000006c2600000,0x00000006c33b31c8,0x00000006c7800000)
 Metaspace       used 34505K, capacity 35102K, committed 35416K, reserved 1079296K
  class space    used 4639K, capacity 4876K, committed 4952K, reserved 1048576K
Event: 18.518 GC heap after
Heap after GC invocations=6 (full 1):
 PSYoungGen      total 74240K, used 9835K [0x000000076b780000, 0x0000000771280000, 0x00000007c0000000)
  eden space 63488K, 0% used [0x000000076b780000,0x000000076b780000,0x000000076f580000)
  from space 10752K, 91% used [0x000000076f700000,0x000000077009ad48,0x0000000770180000)
  to   space 14848K, 0% used [0x0000000770400000,0x0000000770400000,0x0000000771280000)
 ParOldGen       total 83968K, used 14100K [0x00000006c2600000, 0x00000006c7800000, 0x000000076b780000)
  object space 83968K, 16% used [0x00000006c2600000,0x00000006c33c51d8,0x00000006c7800000)
 Metaspace       used 34505K, capacity 35102K, committed 35416K, reserved 1079296K
  class space    used 4639K, capacity 4876K, committed 4952K, reserved 1048576K
}
Event: 18.518 GC heap before
{Heap before GC invocations=7 (full 2):
 PSYoungGen      total 74240K, used 9835K [0x000000076b780000, 0x0000000771280000, 0x00000007c0000000)
  eden space 63488K, 0% used [0x000000076b780000,0x000000076b780000,0x000000076f580000)
  from space 10752K, 91% used [0x000000076f700000,0x000000077009ad48,0x0000000770180000)
  to   space 14848K, 0% used [0x0000000770400000,0x0000000770400000,0x0000000771280000)
 ParOldGen       total 83968K, used 14100K [0x00000006c2600000, 0x00000006c7800000, 0x000000076b780000)
  object space 83968K, 16% used [0x00000006c2600000,0x00000006c33c51d8,0x00000006c7800000)
 Metaspace       used 34505K, capacity 35102K, committed 35416K, reserved 1079296K
  class space    used 4639K, capacity 4876K, committed 4952K, reserved 1048576K
Event: 18.588 GC heap after
Heap after GC invocations=7 (full 2):
 PSYoungGen      total 74240K, used 0K [0x000000076b780000, 0x0000000771280000, 0x00000007c0000000)
  eden space 63488K, 0% used [0x000000076b780000,0x000000076b780000,0x000000076f580000)
  from space 10752K, 0% used [0x000000076f700000,0x000000076f700000,0x0000000770180000)
  to   space 14848K, 0% used [0x0000000770400000,0x0000000770400000,0x0000000771280000)
 ParOldGen       total 125440K, used 16794K [0x00000006c2600000, 0x00000006ca080000, 0x000000076b780000)
  object space 125440K, 13% used [0x00000006c2600000,0x00000006c3666978,0x00000006ca080000)
 Metaspace       used 34453K, capacity 34982K, committed 35416K, reserved 1079296K
  class space    used 4623K, capacity 4836K, committed 4952K, reserved 1048576K
}
Event: 19.444 GC heap before
{Heap before GC invocations=8 (full 2):
 PSYoungGen      total 74240K, used 63488K [0x000000076b780000, 0x0000000771280000, 0x00000007c0000000)
  eden space 63488K, 100% used [0x000000076b780000,0x000000076f580000,0x000000076f580000)
  from space 10752K, 0% used [0x000000076f700000,0x000000076f700000,0x0000000770180000)
  to   space 14848K, 0% used [0x0000000770400000,0x0000000770400000,0x0000000771280000)
 ParOldGen       total 125440K, used 16794K [0x00000006c2600000, 0x00000006ca080000, 0x000000076b780000)
  object space 125440K, 13% used [0x00000006c2600000,0x00000006c3666978,0x00000006ca080000)
 Metaspace       used 37552K, capacity 38170K, committed 38616K, reserved 1083392K
  class space    used 5035K, capacity 5253K, committed 5336K, reserved 1048576K
Event: 19.452 GC heap after
Heap after GC invocations=8 (full 2):
 PSYoungGen      total 78848K, used 7718K [0x000000076b780000, 0x0000000772c00000, 0x00000007c0000000)
  eden space 64000K, 0% used [0x000000076b780000,0x000000076b780000,0x000000076f600000)
  from space 14848K, 51% used [0x0000000770400000,0x0000000770b89a58,0x0000000771280000)
  to   space 14336K, 0% used [0x000000076f600000,0x000000076f600000,0x0000000770400000)
 ParOldGen       total 125440K, used 16802K [0x00000006c2600000, 0x00000006ca080000, 0x000000076b780000)
  object space 125440K, 13% used [0x00000006c2600000,0x00000006c3668978,0x00000006ca080000)
 Metaspace       used 37552K, capacity 38170K, committed 38616K, reserved 1083392K
  class space    used 5035K, capacity 5253K, committed 5336K, reserved 1048576K
}
Event: 20.486 GC heap before
{Heap before GC invocations=9 (full 2):
 PSYoungGen      total 78848K, used 71718K [0x000000076b780000, 0x0000000772c00000, 0x00000007c0000000)
  eden space 64000K, 100% used [0x000000076b780000,0x000000076f600000,0x000000076f600000)
  from space 14848K, 51% used [0x0000000770400000,0x0000000770b89a58,0x0000000771280000)
  to   space 14336K, 0% used [0x000000076f600000,0x000000076f600000,0x0000000770400000)
 ParOldGen       total 125440K, used 16802K [0x00000006c2600000, 0x00000006ca080000, 0x000000076b780000)
  object space 125440K, 13% used [0x00000006c2600000,0x00000006c3668978,0x00000006ca080000)
 Metaspace       used 43646K, capacity 44342K, committed 44760K, reserved 1087488K
  class space    used 5853K, capacity 6088K, committed 6104K, reserved 1048576K
Event: 20.495 GC heap after
Heap after GC invocations=9 (full 2):
 PSYoungGen      total 78336K, used 10995K [0x000000076b780000, 0x0000000772e00000, 0x00000007c0000000)
  eden space 64000K, 0% used [0x000000076b780000,0x000000076b780000,0x000000076f600000)
  from space 14336K, 76% used [0x000000076f600000,0x00000007700bccb0,0x0000000770400000)
  to   space 14336K, 0% used [0x0000000772000000,0x0000000772000000,0x0000000772e00000)
 ParOldGen       total 125440K, used 16874K [0x00000006c2600000, 0x00000006ca080000, 0x000000076b780000)
  object space 125440K, 13% used [0x00000006c2600000,0x00000006c367a988,0x00000006ca080000)
 Metaspace       used 43646K, capacity 44342K, committed 44760K, reserved 1087488K
  class space    used 5853K, capacity 6088K, committed 6104K, reserved 1048576K
}
Event: 24.218 GC heap before
{Heap before GC invocations=10 (full 2):
 PSYoungGen      total 78336K, used 74995K [0x000000076b780000, 0x0000000772e00000, 0x00000007c0000000)
  eden space 64000K, 100% used [0x000000076b780000,0x000000076f600000,0x000000076f600000)
  from space 14336K, 76% used [0x000000076f600000,0x00000007700bccb0,0x0000000770400000)
  to   space 14336K, 0% used [0x0000000772000000,0x0000000772000000,0x0000000772e00000)
 ParOldGen       total 125440K, used 16874K [0x00000006c2600000, 0x00000006ca080000, 0x000000076b780000)
  object space 125440K, 13% used [0x00000006c2600000,0x00000006c367a988,0x00000006ca080000)
 Metaspace       used 48798K, capacity 49550K, committed 49880K, reserved 1091584K
  class space    used 6540K, capacity 6792K, committed 6872K, reserved 1048576K
Event: 24.229 GC heap after
Heap after GC invocations=10 (full 2):
 PSYoungGen      total 104448K, used 14331K [0x000000076b780000, 0x0000000773100000, 0x00000007c0000000)
  eden space 90112K, 0% used [0x000000076b780000,0x000000076b780000,0x0000000770f80000)
  from space 14336K, 99% used [0x0000000772000000,0x0000000772dfec60,0x0000000772e00000)
  to   space 16896K, 0% used [0x0000000770f80000,0x0000000770f80000,0x0000000772000000)
 ParOldGen       total 125440K, used 18387K [0x00000006c2600000, 0x00000006ca080000, 0x000000076b780000)
  object space 125440K, 14% used [0x00000006c2600000,0x00000006c37f4f88,0x00000006ca080000)
 Metaspace       used 48798K, capacity 49550K, committed 49880K, reserved 1091584K
  class space    used 6540K, capacity 6792K, committed 6872K, reserved 1048576K
}

